<?xml version="1.0" encoding="UTF-8"?>
<!-- Generated by org.testng.reporters.JUnitReportReporter -->
<testsuite skipped="0" hostname="hp" name="Automation.ShopingBasketTest" tests="1" failures="0" timestamp="01 Jan 2020 20:21:25 GMT" time="19.025" errors="0">
  <testcase name="confirmOrder" time="19.025" classname="Automation.ShopingBasketTest"/>
</testsuite> <!-- Automation.ShopingBasketTest -->
