<?xml version="1.0" encoding="UTF-8"?>
<!-- Generated by org.testng.reporters.JUnitReportReporter -->
<testsuite skipped="0" hostname="hp" name="Automation.HomePageTest" tests="1" failures="0" timestamp="01 Jan 2020 16:27:57 GMT" time="7.911" errors="0">
  <testcase name="sginIn" time="7.911" classname="Automation.HomePageTest"/>
</testsuite> <!-- Automation.HomePageTest -->
