<?xml version="1.0" encoding="UTF-8"?>
<!-- Generated by org.testng.reporters.JUnitReportReporter -->
<testsuite skipped="0" hostname="hp" name="Automation.LogInTest" tests="1" failures="0" timestamp="01 Jan 2020 16:27:57 GMT" time="7.971" errors="0">
  <testcase name="login" time="7.971" classname="Automation.LogInTest"/>
</testsuite> <!-- Automation.LogInTest -->
