<?xml version="1.0" encoding="UTF-8"?>
<!-- Generated by org.testng.reporters.JUnitReportReporter -->
<testsuite skipped="0" hostname="hp" name="Automation.MainShopingTest" tests="1" failures="0" timestamp="01 Jan 2020 16:37:37 GMT" time="19.209" errors="0">
  <testcase name="ShopingAddToBasket" time="19.209" classname="Automation.MainShopingTest"/>
</testsuite> <!-- Automation.MainShopingTest -->
